[2025-03-18 18:15:06] PID文件不存在
[2025-03-18 18:15:10] PID文件不存在
[2025-03-18 18:15:11] 尝试启动 minute 定时器...
[2025-03-18 18:15:11] PID文件不存在
[2025-03-18 18:15:11] 操作系统: Linux
[2025-03-18 18:15:11] 使用Linux命令启动进程
[2025-03-18 18:15:11] 执行命令: nohup 'php74' '/www/wwwroot/xunxian.txsj.ink/gm/gm_timer/system_minute_auto.php' > /www/wwwroot/xunxian.txsj.ink/gm/gm_timer/daemon_minute.log.output 2>&1 & echo $!
[2025-03-18 18:15:11] 获取到PID: 22639
[2025-03-18 18:15:12] 检查PID 22639 是否存在: 否
[2025-03-18 18:15:12] 进程启动失败，检查不到进程: 22639
[2025-03-18 18:15:12] PID文件不存在
[2025-03-18 18:15:42] PID文件不存在
[2025-03-18 18:18:09] PID文件不存在
[2025-03-18 18:18:10] 尝试启动 minute 定时器...
[2025-03-18 18:18:10] PID文件不存在
[2025-03-18 18:18:10] PID文件不存在
[2025-03-18 18:18:10] 发现孤立的锁文件，进行清理
[2025-03-18 18:18:10] 清理锁文件: /www/wwwroot/xunxian.txsj.ink/gm/gm_timer/daemon_minute.lock
[2025-03-18 18:18:10] 操作系统: Linux
[2025-03-18 18:18:10] 使用Linux命令启动进程
[2025-03-18 18:18:10] 执行命令: nohup 'php74' '/www/wwwroot/xunxian.txsj.ink/gm/gm_timer/system_minute_auto.php' > /www/wwwroot/xunxian.txsj.ink/gm/gm_timer/daemon_minute.log.output 2>&1 & echo $!
[2025-03-18 18:18:10] 获取到PID: 23681
[2025-03-18 18:18:11] 检查PID 23681 是否存在: 否
[2025-03-18 18:18:11] 进程启动失败，检查不到进程: 23681
[2025-03-18 18:18:11] PID文件不存在
[2025-03-18 18:18:13] 强制清理所有锁和PID文件
[2025-03-18 18:18:13] PID文件不存在
[2025-03-18 18:18:14] 尝试启动 minute 定时器...
[2025-03-18 18:18:14] PID文件不存在
[2025-03-18 18:18:14] 操作系统: Linux
[2025-03-18 18:18:14] 使用Linux命令启动进程
[2025-03-18 18:18:14] 执行命令: nohup 'php74' '/www/wwwroot/xunxian.txsj.ink/gm/gm_timer/system_minute_auto.php' > /www/wwwroot/xunxian.txsj.ink/gm/gm_timer/daemon_minute.log.output 2>&1 & echo $!
[2025-03-18 18:18:14] 获取到PID: 23703
[2025-03-18 18:18:15] 检查PID 23703 是否存在: 否
[2025-03-18 18:18:15] 进程启动失败，检查不到进程: 23703
[2025-03-18 18:18:15] PID文件不存在
[2025-03-18 18:18:16] PID文件不存在
[2025-03-18 18:18:18] PID文件不存在
[2025-03-18 18:18:22] PID文件不存在
[2025-03-18 18:18:24] PID文件不存在
[2025-03-18 18:20:24] PID文件不存在
[2025-03-18 18:20:25] 尝试停止 minute 定时器...
[2025-03-18 18:20:25] PID文件不存在
[2025-03-18 18:20:25] 守护进程没有运行
[2025-03-18 18:20:25] PID文件不存在
[2025-03-18 18:20:26] PID文件不存在
[2025-03-18 18:20:28] 尝试启动 minute 定时器...
[2025-03-18 18:20:28] PID文件不存在
[2025-03-18 18:20:28] 操作系统: Linux
[2025-03-18 18:20:28] 使用Linux命令启动进程
[2025-03-18 18:20:28] 执行命令: nohup 'php74' '/www/wwwroot/xunxian.txsj.ink/gm/gm_timer/system_minute_auto.php' > /www/wwwroot/xunxian.txsj.ink/gm/gm_timer/daemon_minute.log.output 2>&1 & echo $!
[2025-03-18 18:20:28] 获取到PID: 24499
[2025-03-18 18:20:29] 检查PID 24499 是否存在: 否
[2025-03-18 18:20:29] 进程启动失败，检查不到进程: 24499
[2025-03-18 18:20:29] PID文件不存在
[2025-03-18 18:20:32] PID文件不存在
[2025-03-18 18:20:35] PID文件不存在
[2025-03-18 18:20:35] PID文件不存在
[2025-03-18 18:20:36] 强制清理所有锁和PID文件
[2025-03-18 18:20:36] PID文件不存在
[2025-03-18 18:22:02] PID文件不存在
[2025-03-18 18:22:05] PID文件不存在
[2025-03-18 18:22:06] 尝试启动 minute 定时器...
[2025-03-18 18:22:06] PID文件不存在
[2025-03-18 18:22:06] 操作系统: Linux
[2025-03-18 18:22:06] 使用Linux命令启动进程
[2025-03-18 18:22:06] 执行命令: nohup 'php74' '/www/wwwroot/xunxian.txsj.ink/gm/gm_timer/system_minute_auto.php' > /www/wwwroot/xunxian.txsj.ink/gm/gm_timer/daemon_minute.log.output 2>&1 & echo $!
[2025-03-18 18:22:06] 获取到PID: 25192
[2025-03-18 18:22:07] 检查PID 25192 是否存在: 是
[2025-03-18 18:22:07] 进程成功启动，PID: 25192
[2025-03-18 18:22:07] 读取到PID: 25192
[2025-03-18 18:22:07] 检查PID 25192 是否存在: 是
[2025-03-18 18:22:07] 进程 25192 正在运行
[2025-03-18 18:22:10] 读取到PID: 25192
[2025-03-18 18:22:10] 检查PID 25192 是否存在: 是
[2025-03-18 18:22:10] 进程 25192 正在运行
[2025-03-18 18:23:14] 读取到PID: 25192
[2025-03-18 18:23:14] 检查PID 25192 是否存在: 是
[2025-03-18 18:23:14] 进程 25192 正在运行
