[2025-03-18 18:15:06] 读取到PID: 21581
[2025-03-18 18:15:06] 检查PID 21581 是否存在: 是
[2025-03-18 18:15:06] 进程 21581 正在运行
[2025-03-18 18:15:09] 尝试停止 hour 定时器...
[2025-03-18 18:15:09] 读取到PID: 21581
[2025-03-18 18:15:09] 检查PID 21581 是否存在: 是
[2025-03-18 18:15:09] 进程 21581 正在运行
[2025-03-18 18:15:09] 读取到PID: 21581
[2025-03-18 18:15:09] 尝试发送SIGTERM信号至进程 21581
[2025-03-18 18:15:09] 检查PID 21581 是否存在: 是
[2025-03-18 18:15:09] 等待进程结束... 5
[2025-03-18 18:15:10] 检查PID 21581 是否存在: 否
[2025-03-18 18:15:10] 检查PID 21581 是否存在: 否
[2025-03-18 18:15:10] 进程已成功停止，删除PID文件
[2025-03-18 18:15:10] PID文件不存在
[2025-03-18 18:15:12] PID文件不存在
[2025-03-18 18:15:42] PID文件不存在
[2025-03-18 18:18:09] PID文件不存在
[2025-03-18 18:18:11] PID文件不存在
[2025-03-18 18:18:13] PID文件不存在
[2025-03-18 18:18:15] PID文件不存在
[2025-03-18 18:18:16] 强制清理所有锁和PID文件
[2025-03-18 18:18:16] 已删除锁文件: /www/wwwroot/xunxian.txsj.ink/gm/gm_timer/daemon_hour.lock
[2025-03-18 18:18:16] PID文件不存在
[2025-03-18 18:18:17] 尝试启动 hour 定时器...
[2025-03-18 18:18:17] PID文件不存在
[2025-03-18 18:18:17] 操作系统: Linux
[2025-03-18 18:18:17] 使用Linux命令启动进程
[2025-03-18 18:18:17] 执行命令: nohup 'php74' '/www/wwwroot/xunxian.txsj.ink/gm/gm_timer/system_hour_auto.php' > /www/wwwroot/xunxian.txsj.ink/gm/gm_timer/daemon_hour.log.output 2>&1 & echo $!
[2025-03-18 18:18:17] 获取到PID: 23723
[2025-03-18 18:18:18] 检查PID 23723 是否存在: 是
[2025-03-18 18:18:18] 进程成功启动，PID: 23723
[2025-03-18 18:18:18] 读取到PID: 23723
[2025-03-18 18:18:18] 检查PID 23723 是否存在: 是
[2025-03-18 18:18:18] 进程 23723 正在运行
[2025-03-18 18:18:22] 强制清理所有锁和PID文件
[2025-03-18 18:18:22] 已删除PID文件: /www/wwwroot/xunxian.txsj.ink/gm/gm_timer/daemon_hour.pid
[2025-03-18 18:18:22] 已删除锁文件: /www/wwwroot/xunxian.txsj.ink/gm/gm_timer/daemon_hour.lock
[2025-03-18 18:18:22] PID文件不存在
[2025-03-18 18:18:23] 尝试启动 hour 定时器...
[2025-03-18 18:18:23] PID文件不存在
[2025-03-18 18:18:23] 操作系统: Linux
[2025-03-18 18:18:23] 使用Linux命令启动进程
[2025-03-18 18:18:23] 执行命令: nohup 'php74' '/www/wwwroot/xunxian.txsj.ink/gm/gm_timer/system_hour_auto.php' > /www/wwwroot/xunxian.txsj.ink/gm/gm_timer/daemon_hour.log.output 2>&1 & echo $!
[2025-03-18 18:18:23] 获取到PID: 23762
[2025-03-18 18:18:24] 检查PID 23762 是否存在: 否
[2025-03-18 18:18:24] 进程启动失败，检查不到进程: 23762
[2025-03-18 18:18:24] PID文件不存在
[2025-03-18 18:20:24] PID文件不存在
[2025-03-18 18:20:25] PID文件不存在
[2025-03-18 18:20:26] 尝试停止 hour 定时器...
[2025-03-18 18:20:26] PID文件不存在
[2025-03-18 18:20:26] 守护进程没有运行
[2025-03-18 18:20:26] PID文件不存在
[2025-03-18 18:20:29] PID文件不存在
[2025-03-18 18:20:31] 尝试启动 hour 定时器...
[2025-03-18 18:20:31] PID文件不存在
[2025-03-18 18:20:31] 操作系统: Linux
[2025-03-18 18:20:31] 使用Linux命令启动进程
[2025-03-18 18:20:31] 执行命令: nohup 'php74' '/www/wwwroot/xunxian.txsj.ink/gm/gm_timer/system_hour_auto.php' > /www/wwwroot/xunxian.txsj.ink/gm/gm_timer/daemon_hour.log.output 2>&1 & echo $!
[2025-03-18 18:20:31] 获取到PID: 24515
[2025-03-18 18:20:32] 检查PID 24515 是否存在: 否
[2025-03-18 18:20:32] 进程启动失败，检查不到进程: 24515
[2025-03-18 18:20:32] PID文件不存在
[2025-03-18 18:20:34] 尝试启动 hour 定时器...
[2025-03-18 18:20:34] PID文件不存在
[2025-03-18 18:20:34] 操作系统: Linux
[2025-03-18 18:20:34] 使用Linux命令启动进程
[2025-03-18 18:20:34] 执行命令: nohup 'php74' '/www/wwwroot/xunxian.txsj.ink/gm/gm_timer/system_hour_auto.php' > /www/wwwroot/xunxian.txsj.ink/gm/gm_timer/daemon_hour.log.output 2>&1 & echo $!
[2025-03-18 18:20:34] 获取到PID: 24534
[2025-03-18 18:20:35] 检查PID 24534 是否存在: 否
[2025-03-18 18:20:35] 进程启动失败，检查不到进程: 24534
[2025-03-18 18:20:35] PID文件不存在
[2025-03-18 18:20:35] 强制清理所有锁和PID文件
[2025-03-18 18:20:35] PID文件不存在
[2025-03-18 18:20:36] PID文件不存在
[2025-03-18 18:22:02] PID文件不存在
[2025-03-18 18:22:05] PID文件不存在
[2025-03-18 18:22:07] PID文件不存在
[2025-03-18 18:22:09] 尝试启动 hour 定时器...
[2025-03-18 18:22:09] PID文件不存在
[2025-03-18 18:22:09] 操作系统: Linux
[2025-03-18 18:22:09] 使用Linux命令启动进程
[2025-03-18 18:22:09] 执行命令: nohup 'php74' '/www/wwwroot/xunxian.txsj.ink/gm/gm_timer/system_hour_auto.php' > /www/wwwroot/xunxian.txsj.ink/gm/gm_timer/daemon_hour.log.output 2>&1 & echo $!
[2025-03-18 18:22:09] 获取到PID: 25208
[2025-03-18 18:22:10] 检查PID 25208 是否存在: 是
[2025-03-18 18:22:10] 进程成功启动，PID: 25208
[2025-03-18 18:22:10] 读取到PID: 25208
[2025-03-18 18:22:10] 检查PID 25208 是否存在: 是
[2025-03-18 18:22:10] 进程 25208 正在运行
[2025-03-18 18:23:14] 读取到PID: 25208
[2025-03-18 18:23:14] 检查PID 25208 是否存在: 是
[2025-03-18 18:23:14] 进程 25208 正在运行
